Vivado Simulator 2015.2
Time resolution is 1 ps
alway in IM
IF in IM
         x
alway in IM
IF in IM
 134283272
output
output
output
output
output
alway in IM
IF in IM
1208090626
output
output
output
output
alway in IM
IF in IM
1078007808
output
output
output
output
alway in IM
IF in IM
  73474048
output
output
output
output
alway in IM
IF in IM
1149380608
output
output
output
output
alway in IM
IF in IM
1610950784
output
output
output
output
alway in IM
IF in IM
3500277758
output
output
output
alway in IM
IF in IM
1610950784
output
output
output
output
alway in IM
IF in IM
3500277758
output
output
output
alway in IM
IF in IM
3892314128
output
output
alway in IM
IF in IM
3223453700
output
output
output
output
alway in IM
IF in IM
3291217924
output
output
output
output
output
alway in IM
IF in IM
3890216960
output
output
alway in IM
IF in IM
2575384576
output
output
output
output
alway in IM
IF in IM
 135135230
output
output
output
output
alway in IM
IF in IM
2567784448
output
output
output
output
alway in IM
IF in IM
2636775426
output
output
output
output
alway in IM
IF in IM
2638938112
output
output
output
output
alway in IM
IF in IM
 162332673
output
output
output
output
alway in IM
IF in IM
3651207166
output
output
output
alway in IM
IF in IM
 162332673
output
output
output
output
alway in IM
IF in IM
3651207166
output
output
output
alway in IM
IF in IM
3758096403
output
output
alway in IM
IF in IM
4227858432
output
output
output
output
output
output
output
output
output
output
output
output
output
output
output
output
output
output
output
output
output
output
output
output
output
output
